<?xml version="1.0" encoding="UTF-8"?>
<!-- Generated by org.testng.reporters.JUnitXMLReporter -->
<testsuite ignored="2" hostname="LAPTOP-KD6JVA8H" failures="0" tests="1" name="Blogspot" time="14.547" errors="0" timestamp="2025-05-23T19:34:53 IST">
  <testcase classname="com.pivotree.auto.training.TC_IdentifyMax_MinBookDetails" name="Validate_Average_PriceWiseBookDetails" time="7.603"/>
  <testcase classname="com.pivotree.auto.training.TC_IdentifyMax_MinBookDetails" name="Validate_Highest_PriceWiseBookDetails" time="0.0">
    <ignored/>
  </testcase> <!-- Validate_Highest_PriceWiseBookDetails -->
  <testcase classname="com.pivotree.auto.training.TC_IdentifyMax_MinBookDetails" name="Validate_Lowest_PriceWiseBookDetails" time="0.0">
    <ignored/>
  </testcase> <!-- Validate_Lowest_PriceWiseBookDetails -->
</testsuite> <!-- Blogspot -->
