<?xml version="1.0" encoding="UTF-8"?>
<!-- Generated by org.testng.reporters.JUnitXMLReporter -->
<testsuite ignored="1" hostname="LAPTOP-KD6JVA8H" failures="0" tests="1" name="Blogspot" time="17.92" errors="0" timestamp="2025-05-22T22:08:16 IST">
  <testcase classname="com.pivotree.auto.training.Case_ValidatePageTitle" name="ValidateMultiplePageLocators" time="12.349"/>
  <testcase classname="com.pivotree.auto.training.Case_ValidatePageTitle" name="ValidatePageTitle" time="0.0">
    <ignored/>
  </testcase> <!-- ValidatePageTitle -->
</testsuite> <!-- Blogspot -->
