<?xml version="1.0" encoding="UTF-8"?>
<!-- Generated by org.testng.reporters.JUnitXMLReporter -->
<testsuite ignored="0" hostname="LAPTOP-KD6JVA8H" failures="1" tests="1" name="DataDrivenTests" time="14.493" errors="0" timestamp="2025-05-25T18:26:31 IST">
  <testcase classname="com.pivotree.auto.training.TC_ValidateExpectedListValues" name="validateListAgainstExpectedValues" time="10.399">
    <failure type="java.lang.AssertionError" message="❌ Mismatch between Web dropdown values and Excel data!: lists don&amp;apos;t have the same size expected [11] but found [10]">
      <![CDATA[java.lang.AssertionError: ❌ Mismatch between Web dropdown values and Excel data!: lists don't have the same size expected [11] but found [10]
at ePay_CRM.Test_ActionMethods.Method_BlogSpot.validateListExpectedValues(Method_BlogSpot.java:857)
at com.pivotree.auto.training.TC_ValidateExpectedListValues.validateListAgainstExpectedValues(TC_ValidateExpectedListValues.java:24)
at java.base/java.util.ArrayList.forEach(ArrayList.java:1511)
... Removed 34 stack frames]]>
    </failure>
  </testcase> <!-- validateListAgainstExpectedValues -->
</testsuite> <!-- DataDrivenTests -->
