<?xml version="1.0" encoding="UTF-8"?>
<!-- Generated by org.testng.reporters.JUnitXMLReporter -->
<testsuite ignored="1" hostname="LAPTOP-KD6JVA8H" failures="0" tests="1" name="DataDrivenTests_2" time="19.056" errors="0" timestamp="2025-05-27T23:50:30 IST">
  <testcase classname="com.pivotree.auto.training.TC_ValidateExpectedListValues" name="validateListAgainstExpectedValues_aldo" time="13.283"/>
  <testcase classname="com.pivotree.auto.training.TC_ValidateExpectedListValues" name="validateListAgainstExpectedValues_blogspot" time="0.0">
    <ignored/>
  </testcase> <!-- validateListAgainstExpectedValues_blogspot -->
</testsuite> <!-- DataDrivenTests_2 -->
