<?xml version="1.0" encoding="UTF-8"?>
<!-- Generated by org.testng.reporters.JUnitXMLReporter -->
<testsuite ignored="1" hostname="LAPTOP-KD6JVA8H" failures="0" tests="2" name="DataDrivenTests_2" time="20.005" errors="0" timestamp="2025-06-02T21:09:43 IST">
  <testcase classname="com.pivotree.auto.training.TC_ValidateExpectedListValues" name="validateListAgainstExpectedValues_aldo_Women" time="6.45"/>
  <testcase classname="com.pivotree.auto.training.TC_ValidateExpectedListValues" name="validateListAgainstExpectedValues_aldo_Collections" time="8.802"/>
  <testcase classname="com.pivotree.auto.training.TC_ValidateExpectedListValues" name="validateListAgainstExpectedValues_blogspot" time="0.0">
    <ignored/>
  </testcase> <!-- validateListAgainstExpectedValues_blogspot -->
</testsuite> <!-- DataDrivenTests_2 -->
