<?xml version="1.0" encoding="UTF-8"?>
<!-- Generated by org.testng.reporters.JUnitXMLReporter -->
<testsuite ignored="3" hostname="LAPTOP-KD6JVA8H" failures="0" tests="0" time="0.003" errors="0" timestamp="2025-06-02T21:09:23 IST">
  <testcase classname="com.pivotree.auto.training.TC_ValidateExpectedListValues" name="validateListAgainstExpectedValues_aldo_Women" time="0.0">
    <ignored/>
  </testcase> <!-- validateListAgainstExpectedValues_aldo_Women -->
  <testcase classname="com.pivotree.auto.training.TC_ValidateExpectedListValues" name="validateListAgainstExpectedValues_aldo_Collections" time="0.0">
    <ignored/>
  </testcase> <!-- validateListAgainstExpectedValues_aldo_Collections -->
  <testcase classname="com.pivotree.auto.training.TC_ValidateExpectedListValues" name="validateListAgainstExpectedValues_blogspot" time="0.0">
    <ignored/>
  </testcase> <!-- validateListAgainstExpectedValues_blogspot -->
</testsuite>
