<?xml version="1.0" encoding="UTF-8"?>
<!-- Generated by org.testng.reporters.JUnitXMLReporter -->
<testsuite ignored="1" hostname="LAPTOP-KD6JVA8H" failures="0" tests="1" name="CRM-Edge Test-Add Functionality" time="52.089" errors="0" timestamp="2025-02-24T21:49:13 IST">
  <testcase classname="BundleUp.Bundle_Automation_Projects.TestCollection_CRM_AirtelConfiguration" name="Verify_BAL_Wallets_Switch" time="45.306"/>
  <testcase classname="BundleUp.Bundle_Automation_Projects.TestCollection_CRM_AirtelConfiguration" name="AddNewRecord" time="0.0">
    <ignored/>
  </testcase> <!-- AddNewRecord -->
</testsuite> <!-- CRM-Edge Test-Add Functionality -->
