<?xml version="1.0" encoding="UTF-8"?>
<!-- Generated by org.testng.reporters.JUnitXMLReporter -->
<testsuite ignored="0" hostname="LAPTOP-KD6JVA8H" failures="2" tests="2" name="epay_Test_DirectService_OCNS00000TMN02" time="33.221" errors="0" timestamp="2025-01-11T12:05:22 IST">
  <testcase classname="com.RestAssured.epay.tests.epay_DirectRequest_NPCI" name="PostCreate_User" time="28.694">
    <failure type="java.lang.AssertionError" message="Verify Length of Euronet Ref No. is of 10 digit expected [10] but found [1]">
      <![CDATA[java.lang.AssertionError: Verify Length of Euronet Ref No. is of 10 digit expected [10] but found [1]
at com.RestAssured.Collection.ResponseAction.epay_Validate_Field_Presence_Structure.Validate_EuronetRefNo(epay_Validate_Field_Presence_Structure.java:21)
at com.RestAssured.epay.tests.epay_DirectRequest_NPCI.PostCreate_User(epay_DirectRequest_NPCI.java:105)
at java.base/java.util.ArrayList.forEach(ArrayList.java:1511)
... Removed 33 stack frames]]>
    </failure>
  </testcase> <!-- PostCreate_User -->
  <testcase classname="com.RestAssured.epay.tests.epay_DirectRequest_NPCI" name="PostCreate_User" time="0.284">
    <failure type="java.lang.AssertionError" message="Verify Length of Euronet Ref No. is of 10 digit expected [10] but found [1]">
      <![CDATA[java.lang.AssertionError: Verify Length of Euronet Ref No. is of 10 digit expected [10] but found [1]
at com.RestAssured.Collection.ResponseAction.epay_Validate_Field_Presence_Structure.Validate_EuronetRefNo(epay_Validate_Field_Presence_Structure.java:21)
at com.RestAssured.epay.tests.epay_DirectRequest_NPCI.PostCreate_User(epay_DirectRequest_NPCI.java:105)
at java.base/java.util.ArrayList.forEach(ArrayList.java:1511)
... Removed 33 stack frames]]>
    </failure>
  </testcase> <!-- PostCreate_User -->
</testsuite> <!-- epay_Test_DirectService_OCNS00000TMN02 -->
