<?xml version="1.0" encoding="UTF-8"?>
<testng-results ignored="0" total="1" passed="1" failed="0" skipped="0">
  <reporter-output>
  </reporter-output>
  <suite started-at="2025-05-24T22:33:42 IST" name="TestAutomationPractive" finished-at="2025-05-24T22:33:55 IST" duration-ms="13643">
    <groups>
    </groups>
    <test started-at="2025-05-24T22:33:42 IST" name="Blogspot" finished-at="2025-05-24T22:33:55 IST" duration-ms="13643">
      <class name="com.pivotree.auto.training.TC_ProductSelectionAutomation">
        <test-method is-config="true" signature="BrowserIntilization(java.lang.String)[pri:0, instance:com.pivotree.auto.training.TC_ProductSelectionAutomation@236e3f4e]" started-at="2025-05-24T22:33:42 IST" name="BrowserIntilization" finished-at="2025-05-24T22:33:47 IST" duration-ms="4324" status="PASS">
          <params>
            <param index="0">
              <value>
                <![CDATA[chrome]]>
              </value>
            </param>
          </params>
          <reporter-output>
          </reporter-output>
        </test-method> <!-- BrowserIntilization -->
        <test-method signature="validate_MatchedProductSelection()[pri:1, instance:com.pivotree.auto.training.TC_ProductSelectionAutomation@236e3f4e]" started-at="2025-05-24T22:33:47 IST" name="validate_MatchedProductSelection" finished-at="2025-05-24T22:33:55 IST" duration-ms="8267" status="PASS">
          <reporter-output>
          </reporter-output>
        </test-method> <!-- validate_MatchedProductSelection -->
        <test-method is-config="true" signature="TearDown(java.lang.String)[pri:0, instance:com.pivotree.auto.training.TC_ProductSelectionAutomation@236e3f4e]" started-at="2025-05-24T22:33:55 IST" name="TearDown" finished-at="2025-05-24T22:33:55 IST" duration-ms="354" status="PASS">
          <params>
            <param index="0">
              <value>
                <![CDATA[chrome]]>
              </value>
            </param>
          </params>
          <reporter-output>
          </reporter-output>
        </test-method> <!-- TearDown -->
      </class> <!-- com.pivotree.auto.training.TC_ProductSelectionAutomation -->
    </test> <!-- Blogspot -->
  </suite> <!-- TestAutomationPractive -->
</testng-results>
