<?xml version="1.0" encoding="UTF-8"?>
<testng-results ignored="0" total="1" passed="1" failed="0" skipped="0">
  <reporter-output>
  </reporter-output>
  <suite started-at="2025-05-25T18:28:48 IST" name="Failed suite [TestAutomationPractive]" finished-at="2025-05-25T18:29:09 IST" duration-ms="21322">
    <groups>
    </groups>
    <test started-at="2025-05-25T18:28:48 IST" name="DataDrivenTests(failed)" finished-at="2025-05-25T18:29:09 IST" duration-ms="21322">
      <class name="com.pivotree.auto.training.TC_ValidateExpectedListValues">
        <test-method is-config="true" signature="BrowserIntilization(java.lang.String)[pri:0, instance:com.pivotree.auto.training.TC_ValidateExpectedListValues@5f16132a]" started-at="2025-05-25T18:28:49 IST" name="BrowserIntilization" finished-at="2025-05-25T18:28:58 IST" duration-ms="8873" status="PASS">
          <params>
            <param index="0">
              <value>
                <![CDATA[chrome]]>
              </value>
            </param>
          </params>
          <reporter-output>
          </reporter-output>
        </test-method> <!-- BrowserIntilization -->
        <test-method signature="validateListAgainstExpectedValues()[pri:0, instance:com.pivotree.auto.training.TC_ValidateExpectedListValues@5f16132a]" started-at="2025-05-25T18:28:58 IST" name="validateListAgainstExpectedValues" finished-at="2025-05-25T18:29:08 IST" duration-ms="10647" status="PASS">
          <reporter-output>
          </reporter-output>
        </test-method> <!-- validateListAgainstExpectedValues -->
        <test-method is-config="true" signature="TearDown(java.lang.String)[pri:0, instance:com.pivotree.auto.training.TC_ValidateExpectedListValues@5f16132a]" started-at="2025-05-25T18:29:08 IST" name="TearDown" finished-at="2025-05-25T18:29:09 IST" duration-ms="620" status="PASS">
          <params>
            <param index="0">
              <value>
                <![CDATA[chrome]]>
              </value>
            </param>
          </params>
          <reporter-output>
          </reporter-output>
        </test-method> <!-- TearDown -->
      </class> <!-- com.pivotree.auto.training.TC_ValidateExpectedListValues -->
    </test> <!-- DataDrivenTests(failed) -->
  </suite> <!-- Failed suite [TestAutomationPractive] -->
</testng-results>
