<?xml version="1.0" encoding="UTF-8"?>
<!-- Generated by org.testng.reporters.JUnitXMLReporter -->
<testsuite ignored="5" hostname="LAPTOP-KD6JVA8H" failures="0" tests="1" name="CRM-Edge Test-Edit Functionality(failed)" time="67.999" errors="0" timestamp="2024-09-14T12:34:30 IST">
  <testcase classname="BundleUp.Bundle_Automation_Projects.TestCollection_CRM_ePayPropertyConfig" name="EditRecords" time="65.085"/>
  <testcase classname="BundleUp.Bundle_Automation_Projects.TestCollection_CRM_ePayPropertyConfig" name="ResetRecord" time="0.0">
    <ignored/>
  </testcase> <!-- ResetRecord -->
  <testcase classname="BundleUp.Bundle_Automation_Projects.TestCollection_CRM_ePayPropertyConfig" name="ViewAllRecords" time="0.0">
    <ignored/>
  </testcase> <!-- ViewAllRecords -->
  <testcase classname="BundleUp.Bundle_Automation_Projects.TestCollection_CRM_ePayPropertyConfig" name="SearchRecords" time="0.0">
    <ignored/>
  </testcase> <!-- SearchRecords -->
  <testcase classname="BundleUp.Bundle_Automation_Projects.TestCollection_CRM_ePayPropertyConfig" name="AddNewRecord" time="0.0">
    <ignored/>
  </testcase> <!-- AddNewRecord -->
  <testcase classname="BundleUp.Bundle_Automation_Projects.TestCollection_CRM_ePayPropertyConfig" name="GoBack" time="0.0">
    <ignored/>
  </testcase> <!-- GoBack -->
</testsuite> <!-- CRM-Edge Test-Edit Functionality(failed) -->
