<?xml version="1.0" encoding="UTF-8"?>
<!-- Generated by org.testng.reporters.JUnitXMLReporter -->
<testsuite ignored="1" hostname="LAPTOP-KD6JVA8H" failures="0" tests="1" name="Blogspot(failed)" time="45.836" errors="0" timestamp="2025-05-24T17:30:31 IST">
  <testcase classname="com.pivotree.auto.training.TC_DynamicTabNavigation" name="Validate_TabNamesNavigatedCorrectly" time="38.843"/>
  <testcase classname="com.pivotree.auto.training.TC_DynamicTabNavigation" name="Validate_TabNamesCorrectness" time="0.0">
    <ignored/>
  </testcase> <!-- Validate_TabNamesCorrectness -->
</testsuite> <!-- Blogspot(failed) -->
